<?xml version="1.0" encoding="UTF-8"?>
<!-- Generated by org.testng.reporters.JUnitReportReporter -->
<testsuite hostname="LAPTOP-NUP1C9KU" failures="0" tests="2" name="project.maven.oneTest" time="0.043" errors="0" timestamp="2022-04-20T13:02:03 IST" skipped="0">
  <testcase classname="project.maven.oneTest" name="second" time="0.002"/>
  <system-out/>
  <testcase classname="project.maven.oneTest" name="first" time="0.041"/>
  <system-out/>
</testsuite> <!-- project.maven.oneTest -->
